<?xml version="1.0" encoding="UTF-8"?>
<!-- Generated by org.testng.reporters.JUnitReportReporter -->
<testsuite hostname="VTEKLAMSHARMA" name="vodafone.com.tr.DemoRestAssuredAPIProject.AppTest" tests="1" failures="0" timestamp="27 Aug 2020 06:26:17 GMT" time="14.020" errors="0">
  <testcase name="addPlace" time="14.020" classname="vodafone.com.tr.DemoRestAssuredAPIProject.AppTest"/>
</testsuite> <!-- vodafone.com.tr.DemoRestAssuredAPIProject.AppTest -->
